# JRE version: OpenJDK Runtime Environment Temurin-17.0.16+8 (17.0.16+8) (build 17.0.16+8)
# Java VM: OpenJDK 64-Bit Server VM Temurin-17.0.16+8 (17.0.16+8, mixed mode, sharing, tiered, compressed oops, compressed class ptrs, g1 gc, windows-amd64)
GC Precious Log:
 CPUs: 12 total, 12 available
 Memory: 15985M
 Large Page Support: Disabled
 NUMA Support: Disabled
 Compressed Oops: Enabled (32-bit)
 Heap Region Size: 1M
 Heap Min Capacity: 8M
 Heap Initial Capacity: 250M
 Heap Max Capacity: 2G
 Pre-touch: Disabled
 Parallel Workers: 10
 Concurrent Workers: 3
 Concurrent Refinement Workers: 10
 Periodic GC: Disabled
Heap:
 garbage-first heap   total 116736K, used 84394K [0x0000000080000000, 0x0000000100000000)
  region size 1024K, 24 young (24576K), 4 survivors (4096K)
 Metaspace       used 63716K, committed 64256K, reserved 1114112K
  class space    used 8669K, committed 8896K, reserved 1048576K
GC Heap History (20 events):
Event: 10.976 GC heap before
{Heap before GC invocations=15 (full 0):
 garbage-first heap   total 83968K, used 59844K [0x0000000080000000, 0x0000000100000000)
  region size 1024K, 13 young (13312K), 2 survivors (2048K)
 Metaspace       used 40966K, committed 41408K, reserved 1114112K
  class space    used 5551K, committed 5760K, reserved 1048576K
}
Event: 10.978 GC heap after
{Heap after GC invocations=16 (full 0):
 garbage-first heap   total 83968K, used 50164K [0x0000000080000000, 0x0000000100000000)
  region size 1024K, 1 young (1024K), 1 survivors (1024K)
 Metaspace       used 40966K, committed 41408K, reserved 1114112K
  class space    used 5551K, committed 5760K, reserved 1048576K
}
Event: 11.171 GC heap before
{Heap before GC invocations=17 (full 0):
 garbage-first heap   total 91136K, used 61428K [0x0000000080000000, 0x0000000100000000)
  region size 1024K, 12 young (12288K), 1 survivors (1024K)
 Metaspace       used 42767K, committed 43200K, reserved 1114112K
  class space    used 5783K, committed 5952K, reserved 1048576K
}
Event: 11.173 GC heap after
{Heap after GC invocations=18 (full 0):
 garbage-first heap   total 91136K, used 50542K [0x0000000080000000, 0x0000000100000000)
  region size 1024K, 1 young (1024K), 1 survivors (1024K)
 Metaspace       used 42767K, committed 43200K, reserved 1114112K
  class space    used 5783K, committed 5952K, reserved 1048576K
}
Event: 11.580 GC heap before
{Heap before GC invocations=18 (full 0):
 garbage-first heap   total 91136K, used 65902K [0x0000000080000000, 0x0000000100000000)
  region size 1024K, 17 young (17408K), 1 survivors (1024K)
 Metaspace       used 45739K, committed 46208K, reserved 1114112K
  class space    used 6148K, committed 6336K, reserved 1048576K
}
Event: 11.582 GC heap after
{Heap after GC invocations=19 (full 0):
 garbage-first heap   total 109568K, used 51153K [0x0000000080000000, 0x0000000100000000)
  region size 1024K, 2 young (2048K), 2 survivors (2048K)
 Metaspace       used 45739K, committed 46208K, reserved 1114112K
  class space    used 6148K, committed 6336K, reserved 1048576K
}
Event: 12.548 GC heap before
{Heap before GC invocations=20 (full 0):
 garbage-first heap   total 109568K, used 77777K [0x0000000080000000, 0x0000000100000000)
  region size 1024K, 29 young (29696K), 2 survivors (2048K)
 Metaspace       used 49987K, committed 50368K, reserved 1114112K
  class space    used 6686K, committed 6848K, reserved 1048576K
}
Event: 12.551 GC heap after
{Heap after GC invocations=21 (full 0):
 garbage-first heap   total 109568K, used 54192K [0x0000000080000000, 0x0000000100000000)
  region size 1024K, 4 young (4096K), 4 survivors (4096K)
 Metaspace       used 49987K, committed 50368K, reserved 1114112K
  class space    used 6686K, committed 6848K, reserved 1048576K
}
Event: 13.684 GC heap before
{Heap before GC invocations=21 (full 0):
 garbage-first heap   total 109568K, used 81840K [0x0000000080000000, 0x0000000100000000)
  region size 1024K, 31 young (31744K), 4 survivors (4096K)
 Metaspace       used 52676K, committed 53120K, reserved 1114112K
  class space    used 7026K, committed 7232K, reserved 1048576K
}
Event: 13.687 GC heap after
{Heap after GC invocations=22 (full 0):
 garbage-first heap   total 109568K, used 56369K [0x0000000080000000, 0x0000000100000000)
  region size 1024K, 3 young (3072K), 3 survivors (3072K)
 Metaspace       used 52676K, committed 53120K, reserved 1114112K
  class space    used 7026K, committed 7232K, reserved 1048576K
}
Event: 14.608 GC heap before
{Heap before GC invocations=23 (full 0):
 garbage-first heap   total 109568K, used 62513K [0x0000000080000000, 0x0000000100000000)
  region size 1024K, 10 young (10240K), 3 survivors (3072K)
 Metaspace       used 53328K, committed 53824K, reserved 1114112K
  class space    used 7086K, committed 7296K, reserved 1048576K
}
Event: 14.610 GC heap after
{Heap after GC invocations=24 (full 0):
 garbage-first heap   total 109568K, used 56822K [0x0000000080000000, 0x0000000100000000)
  region size 1024K, 3 young (3072K), 3 survivors (3072K)
 Metaspace       used 53328K, committed 53824K, reserved 1114112K
  class space    used 7086K, committed 7296K, reserved 1048576K
}
Event: 15.166 GC heap before
{Heap before GC invocations=25 (full 0):
 garbage-first heap   total 109568K, used 86518K [0x0000000080000000, 0x0000000100000000)
  region size 1024K, 31 young (31744K), 3 survivors (3072K)
 Metaspace       used 56219K, committed 56768K, reserved 1114112K
  class space    used 7459K, committed 7744K, reserved 1048576K
}
Event: 15.170 GC heap after
{Heap after GC invocations=26 (full 0):
 garbage-first heap   total 109568K, used 58422K [0x0000000080000000, 0x0000000100000000)
  region size 1024K, 3 young (3072K), 3 survivors (3072K)
 Metaspace       used 56219K, committed 56768K, reserved 1114112K
  class space    used 7459K, committed 7744K, reserved 1048576K
}
Event: 15.383 GC heap before
{Heap before GC invocations=26 (full 0):
 garbage-first heap   total 109568K, used 86070K [0x0000000080000000, 0x0000000100000000)
  region size 1024K, 30 young (30720K), 3 survivors (3072K)
 Metaspace       used 56407K, committed 56896K, reserved 1114112K
  class space    used 7495K, committed 7744K, reserved 1048576K
}
Event: 15.388 GC heap after
{Heap after GC invocations=27 (full 0):
 garbage-first heap   total 109568K, used 61217K [0x0000000080000000, 0x0000000100000000)
  region size 1024K, 4 young (4096K), 4 survivors (4096K)
 Metaspace       used 56407K, committed 56896K, reserved 1114112K
  class space    used 7495K, committed 7744K, reserved 1048576K
}
Event: 17.388 GC heap before
{Heap before GC invocations=28 (full 0):
 garbage-first heap   total 109568K, used 87841K [0x0000000080000000, 0x0000000100000000)
  region size 1024K, 30 young (30720K), 4 survivors (4096K)
 Metaspace       used 59449K, committed 59968K, reserved 1114112K
  class space    used 7977K, committed 8256K, reserved 1048576K
}
Event: 17.391 GC heap after
{Heap after GC invocations=29 (full 0):
 garbage-first heap   total 109568K, used 63638K [0x0000000080000000, 0x0000000100000000)
  region size 1024K, 3 young (3072K), 3 survivors (3072K)
 Metaspace       used 59449K, committed 59968K, reserved 1114112K
  class space    used 7977K, committed 8256K, reserved 1048576K
}
Event: 17.793 GC heap before
{Heap before GC invocations=29 (full 0):
 garbage-first heap   total 109568K, used 88214K [0x0000000080000000, 0x0000000100000000)
  region size 1024K, 27 young (27648K), 3 survivors (3072K)
 Metaspace       used 62252K, committed 62784K, reserved 1114112K
  class space    used 8443K, committed 8704K, reserved 1048576K
}
Event: 17.796 GC heap after
{Heap after GC invocations=30 (full 0):
 garbage-first heap   total 109568K, used 64938K [0x0000000080000000, 0x0000000100000000)
  region size 1024K, 4 young (4096K), 4 survivors (4096K)
 Metaspace       used 62252K, committed 62784K, reserved 1114112K
  class space    used 8443K, committed 8704K, reserved 1048576K
}

