# JRE version: OpenJDK Runtime Environment Temurin-17.0.16+8 (17.0.16+8) (build 17.0.16+8)
# Java VM: OpenJDK 64-Bit Server VM Temurin-17.0.16+8 (17.0.16+8, mixed mode, sharing, tiered, compressed oops, compressed class ptrs, g1 gc, windows-amd64)
GC Precious Log:
 CPUs: 12 total, 12 available
 Memory: 15985M
 Large Page Support: Disabled
 NUMA Support: Disabled
 Compressed Oops: Enabled (Zero based)
 Heap Region Size: 2M
 Heap Min Capacity: 8M
 Heap Initial Capacity: 250M
 Heap Max Capacity: 3998M
 Pre-touch: Disabled
 Parallel Workers: 10
 Concurrent Workers: 3
 Concurrent Refinement Workers: 10
 Periodic GC: Disabled
Heap:
 garbage-first heap   total 509952K, used 376177K [0x0000000706200000, 0x0000000800000000)
  region size 2048K, 80 young (163840K), 11 survivors (22528K)
 Metaspace       used 74279K, committed 74752K, reserved 1179648K
  class space    used 8489K, committed 8704K, reserved 1048576K
GC Heap History (20 events):
Event: 8.214 GC heap after
{Heap after GC invocations=33 (full 0):
 garbage-first heap   total 194560K, used 72937K [0x0000000706200000, 0x0000000800000000)
  region size 2048K, 1 young (2048K), 1 survivors (2048K)
 Metaspace       used 73557K, committed 73984K, reserved 1114112K
  class space    used 8449K, committed 8640K, reserved 1048576K
}
Event: 8.732 GC heap before
{Heap before GC invocations=33 (full 0):
 garbage-first heap   total 194560K, used 144617K [0x0000000706200000, 0x0000000800000000)
  region size 2048K, 37 young (75776K), 1 survivors (2048K)
 Metaspace       used 73737K, committed 74176K, reserved 1179648K
  class space    used 8451K, committed 8640K, reserved 1048576K
}
Event: 8.736 GC heap after
{Heap after GC invocations=34 (full 0):
 garbage-first heap   total 194560K, used 82410K [0x0000000706200000, 0x0000000800000000)
  region size 2048K, 5 young (10240K), 5 survivors (10240K)
 Metaspace       used 73737K, committed 74176K, reserved 1179648K
  class space    used 8451K, committed 8640K, reserved 1048576K
}
Event: 8.943 GC heap before
{Heap before GC invocations=34 (full 0):
 garbage-first heap   total 194560K, used 147946K [0x0000000706200000, 0x0000000800000000)
  region size 2048K, 37 young (75776K), 5 survivors (10240K)
 Metaspace       used 73800K, committed 74240K, reserved 1179648K
  class space    used 8457K, committed 8704K, reserved 1048576K
}
Event: 8.950 GC heap after
{Heap after GC invocations=35 (full 0):
 garbage-first heap   total 194560K, used 90392K [0x0000000706200000, 0x0000000800000000)
  region size 2048K, 4 young (8192K), 4 survivors (8192K)
 Metaspace       used 73800K, committed 74240K, reserved 1179648K
  class space    used 8457K, committed 8704K, reserved 1048576K
}
Event: 9.106 GC heap before
{Heap before GC invocations=35 (full 0):
 garbage-first heap   total 194560K, used 151832K [0x0000000706200000, 0x0000000800000000)
  region size 2048K, 34 young (69632K), 4 survivors (8192K)
 Metaspace       used 73814K, committed 74304K, reserved 1179648K
  class space    used 8457K, committed 8704K, reserved 1048576K
}
Event: 9.112 GC heap after
{Heap after GC invocations=36 (full 0):
 garbage-first heap   total 194560K, used 96853K [0x0000000706200000, 0x0000000800000000)
  region size 2048K, 4 young (8192K), 4 survivors (8192K)
 Metaspace       used 73814K, committed 74304K, reserved 1179648K
  class space    used 8457K, committed 8704K, reserved 1048576K
}
Event: 9.330 GC heap before
{Heap before GC invocations=37 (full 0):
 garbage-first heap   total 194560K, used 150101K [0x0000000706200000, 0x0000000800000000)
  region size 2048K, 31 young (63488K), 4 survivors (8192K)
 Metaspace       used 73838K, committed 74304K, reserved 1179648K
  class space    used 8457K, committed 8704K, reserved 1048576K
}
Event: 9.336 GC heap after
{Heap after GC invocations=38 (full 0):
 garbage-first heap   total 194560K, used 105645K [0x0000000706200000, 0x0000000800000000)
  region size 2048K, 4 young (8192K), 4 survivors (8192K)
 Metaspace       used 73838K, committed 74304K, reserved 1179648K
  class space    used 8457K, committed 8704K, reserved 1048576K
}
Event: 9.340 GC heap before
{Heap before GC invocations=38 (full 0):
 garbage-first heap   total 194560K, used 107693K [0x0000000706200000, 0x0000000800000000)
  region size 2048K, 5 young (10240K), 4 survivors (8192K)
 Metaspace       used 73838K, committed 74304K, reserved 1179648K
  class space    used 8457K, committed 8704K, reserved 1048576K
}
Event: 9.346 GC heap after
{Heap after GC invocations=39 (full 0):
 garbage-first heap   total 194560K, used 106476K [0x0000000706200000, 0x0000000800000000)
  region size 2048K, 1 young (2048K), 1 survivors (2048K)
 Metaspace       used 73838K, committed 74304K, reserved 1179648K
  class space    used 8457K, committed 8704K, reserved 1048576K
}
Event: 9.510 GC heap before
{Heap before GC invocations=39 (full 0):
 garbage-first heap   total 194560K, used 153580K [0x0000000706200000, 0x0000000800000000)
  region size 2048K, 24 young (49152K), 1 survivors (2048K)
 Metaspace       used 73856K, committed 74304K, reserved 1179648K
  class space    used 8457K, committed 8704K, reserved 1048576K
}
Event: 9.515 GC heap after
{Heap after GC invocations=40 (full 0):
 garbage-first heap   total 509952K, used 113655K [0x0000000706200000, 0x0000000800000000)
  region size 2048K, 3 young (6144K), 3 survivors (6144K)
 Metaspace       used 73856K, committed 74304K, reserved 1179648K
  class space    used 8457K, committed 8704K, reserved 1048576K
}
Event: 10.816 GC heap before
{Heap before GC invocations=40 (full 0):
 garbage-first heap   total 509952K, used 367607K [0x0000000706200000, 0x0000000800000000)
  region size 2048K, 127 young (260096K), 3 survivors (6144K)
 Metaspace       used 73902K, committed 74368K, reserved 1179648K
  class space    used 8460K, committed 8704K, reserved 1048576K
}
Event: 10.836 GC heap after
{Heap after GC invocations=41 (full 0):
 garbage-first heap   total 509952K, used 159439K [0x0000000706200000, 0x0000000800000000)
  region size 2048K, 16 young (32768K), 16 survivors (32768K)
 Metaspace       used 73902K, committed 74368K, reserved 1179648K
  class space    used 8460K, committed 8704K, reserved 1048576K
}
Event: 12.144 GC heap before
{Heap before GC invocations=41 (full 0):
 garbage-first heap   total 509952K, used 339663K [0x0000000706200000, 0x0000000800000000)
  region size 2048K, 104 young (212992K), 16 survivors (32768K)
 Metaspace       used 73903K, committed 74368K, reserved 1179648K
  class space    used 8460K, committed 8704K, reserved 1048576K
}
Event: 12.170 GC heap after
{Heap after GC invocations=42 (full 0):
 garbage-first heap   total 509952K, used 196608K [0x0000000706200000, 0x0000000800000000)
  region size 2048K, 13 young (26624K), 13 survivors (26624K)
 Metaspace       used 73903K, committed 74368K, reserved 1179648K
  class space    used 8460K, committed 8704K, reserved 1048576K
}
Event: 12.992 GC heap before
{Heap before GC invocations=42 (full 0):
 garbage-first heap   total 509952K, used 360448K [0x0000000706200000, 0x0000000800000000)
  region size 2048K, 93 young (190464K), 13 survivors (26624K)
 Metaspace       used 74243K, committed 74752K, reserved 1179648K
  class space    used 8485K, committed 8704K, reserved 1048576K
}
Event: 13.016 GC heap after
{Heap after GC invocations=43 (full 0):
 garbage-first heap   total 509952K, used 234865K [0x0000000706200000, 0x0000000800000000)
  region size 2048K, 12 young (24576K), 12 survivors (24576K)
 Metaspace       used 74243K, committed 74752K, reserved 1179648K
  class space    used 8485K, committed 8704K, reserved 1048576K
}
Event: 13.472 GC heap before
{Heap before GC invocations=43 (full 0):
 garbage-first heap   total 509952K, used 376177K [0x0000000706200000, 0x0000000800000000)
  region size 2048K, 81 young (165888K), 12 survivors (24576K)
 Metaspace       used 74279K, committed 74752K, reserved 1179648K
  class space    used 8489K, committed 8704K, reserved 1048576K
}

