# JRE version: OpenJDK Runtime Environment Temurin-17.0.16+8 (17.0.16+8) (build 17.0.16+8)
# Java VM: OpenJDK 64-Bit Server VM Temurin-17.0.16+8 (17.0.16+8, mixed mode, sharing, tiered, compressed oops, compressed class ptrs, g1 gc, windows-amd64)
GC Precious Log:
 CPUs: 12 total, 12 available
 Memory: 15985M
 Large Page Support: Disabled
 NUMA Support: Disabled
 Compressed Oops: Enabled (Zero based)
 Heap Region Size: 2M
 Heap Min Capacity: 8M
 Heap Initial Capacity: 250M
 Heap Max Capacity: 3998M
 Pre-touch: Disabled
 Parallel Workers: 10
 Concurrent Workers: 3
 Concurrent Refinement Workers: 10
 Periodic GC: Disabled
Heap:
 garbage-first heap   total 90112K, used 34152K [0x0000000706200000, 0x0000000800000000)
  region size 2048K, 4 young (8192K), 3 survivors (6144K)
 Metaspace       used 59886K, committed 60224K, reserved 1114112K
  class space    used 7227K, committed 7360K, reserved 1048576K
GC Heap History (20 events):
Event: 2.514 GC heap before
{Heap before GC invocations=4 (full 0):
 garbage-first heap   total 55296K, used 40481K [0x0000000706200000, 0x0000000800000000)
  region size 2048K, 16 young (32768K), 2 survivors (4096K)
 Metaspace       used 28479K, committed 28736K, reserved 1114112K
  class space    used 3196K, committed 3328K, reserved 1048576K
}
Event: 2.522 GC heap after
{Heap after GC invocations=5 (full 0):
 garbage-first heap   total 55296K, used 15068K [0x0000000706200000, 0x0000000800000000)
  region size 2048K, 2 young (4096K), 2 survivors (4096K)
 Metaspace       used 28479K, committed 28736K, reserved 1114112K
  class space    used 3196K, committed 3328K, reserved 1048576K
}
Event: 2.599 GC heap before
{Heap before GC invocations=5 (full 0):
 garbage-first heap   total 55296K, used 17116K [0x0000000706200000, 0x0000000800000000)
  region size 2048K, 3 young (6144K), 2 survivors (4096K)
 Metaspace       used 29081K, committed 29376K, reserved 1114112K
  class space    used 3273K, committed 3392K, reserved 1048576K
}
Event: 2.605 GC heap after
{Heap after GC invocations=6 (full 0):
 garbage-first heap   total 55296K, used 15619K [0x0000000706200000, 0x0000000800000000)
  region size 2048K, 1 young (2048K), 1 survivors (2048K)
 Metaspace       used 29081K, committed 29376K, reserved 1114112K
  class space    used 3273K, committed 3392K, reserved 1048576K
}
Event: 3.214 GC heap before
{Heap before GC invocations=6 (full 0):
 garbage-first heap   total 55296K, used 36099K [0x0000000706200000, 0x0000000800000000)
  region size 2048K, 11 young (22528K), 1 survivors (2048K)
 Metaspace       used 32351K, committed 32640K, reserved 1114112K
  class space    used 3681K, committed 3840K, reserved 1048576K
}
Event: 3.217 GC heap after
{Heap after GC invocations=7 (full 0):
 garbage-first heap   total 55296K, used 16960K [0x0000000706200000, 0x0000000800000000)
  region size 2048K, 1 young (2048K), 1 survivors (2048K)
 Metaspace       used 32351K, committed 32640K, reserved 1114112K
  class space    used 3681K, committed 3840K, reserved 1048576K
}
Event: 3.520 GC heap before
{Heap before GC invocations=7 (full 0):
 garbage-first heap   total 55296K, used 39488K [0x0000000706200000, 0x0000000800000000)
  region size 2048K, 11 young (22528K), 1 survivors (2048K)
 Metaspace       used 33229K, committed 33536K, reserved 1114112K
  class space    used 3749K, committed 3904K, reserved 1048576K
}
Event: 3.526 GC heap after
{Heap after GC invocations=8 (full 0):
 garbage-first heap   total 55296K, used 20908K [0x0000000706200000, 0x0000000800000000)
  region size 2048K, 2 young (4096K), 2 survivors (4096K)
 Metaspace       used 33229K, committed 33536K, reserved 1114112K
  class space    used 3749K, committed 3904K, reserved 1048576K
}
Event: 3.874 GC heap before
{Heap before GC invocations=8 (full 0):
 garbage-first heap   total 55296K, used 27052K [0x0000000706200000, 0x0000000800000000)
  region size 2048K, 7 young (14336K), 2 survivors (4096K)
 Metaspace       used 35749K, committed 35968K, reserved 1114112K
  class space    used 4365K, committed 4480K, reserved 1048576K
}
Event: 3.878 GC heap after
{Heap after GC invocations=9 (full 0):
 garbage-first heap   total 155648K, used 21960K [0x0000000706200000, 0x0000000800000000)
  region size 2048K, 1 young (2048K), 1 survivors (2048K)
 Metaspace       used 35749K, committed 35968K, reserved 1114112K
  class space    used 4365K, committed 4480K, reserved 1048576K
}
Event: 5.165 GC heap before
{Heap before GC invocations=10 (full 0):
 garbage-first heap   total 90112K, used 73160K [0x0000000706200000, 0x0000000800000000)
  region size 2048K, 28 young (57344K), 1 survivors (2048K)
 Metaspace       used 48150K, committed 48448K, reserved 1114112K
  class space    used 5806K, committed 5952K, reserved 1048576K
}
Event: 5.169 GC heap after
{Heap after GC invocations=11 (full 0):
 garbage-first heap   total 90112K, used 28018K [0x0000000706200000, 0x0000000800000000)
  region size 2048K, 4 young (8192K), 4 survivors (8192K)
 Metaspace       used 48150K, committed 48448K, reserved 1114112K
  class space    used 5806K, committed 5952K, reserved 1048576K
}
Event: 5.216 GC heap before
{Heap before GC invocations=11 (full 0):
 garbage-first heap   total 90112K, used 28018K [0x0000000706200000, 0x0000000800000000)
  region size 2048K, 5 young (10240K), 4 survivors (8192K)
 Metaspace       used 48576K, committed 48896K, reserved 1114112K
  class space    used 5854K, committed 6016K, reserved 1048576K
}
Event: 5.219 GC heap after
{Heap after GC invocations=12 (full 0):
 garbage-first heap   total 90112K, used 27754K [0x0000000706200000, 0x0000000800000000)
  region size 2048K, 1 young (2048K), 1 survivors (2048K)
 Metaspace       used 48576K, committed 48896K, reserved 1114112K
  class space    used 5854K, committed 6016K, reserved 1048576K
}
Event: 6.013 GC heap before
{Heap before GC invocations=12 (full 0):
 garbage-first heap   total 90112K, used 60522K [0x0000000706200000, 0x0000000800000000)
  region size 2048K, 17 young (34816K), 1 survivors (2048K)
 Metaspace       used 51791K, committed 52096K, reserved 1114112K
  class space    used 6229K, committed 6400K, reserved 1048576K
}
Event: 6.028 GC heap after
{Heap after GC invocations=13 (full 0):
 garbage-first heap   total 90112K, used 29754K [0x0000000706200000, 0x0000000800000000)
  region size 2048K, 2 young (4096K), 2 survivors (4096K)
 Metaspace       used 51791K, committed 52096K, reserved 1114112K
  class space    used 6229K, committed 6400K, reserved 1048576K
}
Event: 6.680 GC heap before
{Heap before GC invocations=13 (full 0):
 garbage-first heap   total 90112K, used 62522K [0x0000000706200000, 0x0000000800000000)
  region size 2048K, 18 young (36864K), 2 survivors (4096K)
 Metaspace       used 55629K, committed 55936K, reserved 1114112K
  class space    used 6663K, committed 6784K, reserved 1048576K
}
Event: 6.683 GC heap after
{Heap after GC invocations=14 (full 0):
 garbage-first heap   total 90112K, used 31872K [0x0000000706200000, 0x0000000800000000)
  region size 2048K, 3 young (6144K), 3 survivors (6144K)
 Metaspace       used 55629K, committed 55936K, reserved 1114112K
  class space    used 6663K, committed 6784K, reserved 1048576K
}
Event: 7.233 GC heap before
{Heap before GC invocations=14 (full 0):
 garbage-first heap   total 90112K, used 48256K [0x0000000706200000, 0x0000000800000000)
  region size 2048K, 12 young (24576K), 3 survivors (6144K)
 Metaspace       used 59847K, committed 60160K, reserved 1114112K
  class space    used 7211K, committed 7360K, reserved 1048576K
}
Event: 7.241 GC heap after
{Heap after GC invocations=15 (full 0):
 garbage-first heap   total 90112K, used 34152K [0x0000000706200000, 0x0000000800000000)
  region size 2048K, 3 young (6144K), 3 survivors (6144K)
 Metaspace       used 59847K, committed 60160K, reserved 1114112K
  class space    used 7211K, committed 7360K, reserved 1048576K
}

