# JRE version: OpenJDK Runtime Environment Temurin-17.0.16+8 (17.0.16+8) (build 17.0.16+8)
# Java VM: OpenJDK 64-Bit Server VM Temurin-17.0.16+8 (17.0.16+8, mixed mode, sharing, tiered, compressed oops, compressed class ptrs, g1 gc, windows-amd64)
GC Precious Log:
 CPUs: 12 total, 12 available
 Memory: 15985M
 Large Page Support: Disabled
 NUMA Support: Disabled
 Compressed Oops: Enabled (Zero based)
 Heap Region Size: 2M
 Heap Min Capacity: 8M
 Heap Initial Capacity: 250M
 Heap Max Capacity: 3998M
 Pre-touch: Disabled
 Parallel Workers: 10
 Concurrent Workers: 3
 Concurrent Refinement Workers: 10
 Periodic GC: Disabled
Heap:
 garbage-first heap   total 423936K, used 307680K [0x0000000706200000, 0x0000000800000000)
  region size 2048K, 91 young (186368K), 11 survivors (22528K)
 Metaspace       used 73942K, committed 74304K, reserved 1179648K
  class space    used 8454K, committed 8640K, reserved 1048576K
GC Heap History (20 events):
Event: 16.176 GC heap after
{Heap after GC invocations=30 (full 0):
 garbage-first heap   total 159744K, used 75395K [0x0000000706200000, 0x0000000800000000)
  region size 2048K, 3 young (6144K), 3 survivors (6144K)
 Metaspace       used 72898K, committed 73344K, reserved 1114112K
  class space    used 8349K, committed 8576K, reserved 1048576K
}
Event: 16.619 GC heap before
{Heap before GC invocations=30 (full 0):
 garbage-first heap   total 159744K, used 124547K [0x0000000706200000, 0x0000000800000000)
  region size 2048K, 27 young (55296K), 3 survivors (6144K)
 Metaspace       used 73731K, committed 74176K, reserved 1179648K
  class space    used 8443K, committed 8640K, reserved 1048576K
}
Event: 16.627 GC heap after
{Heap after GC invocations=31 (full 0):
 garbage-first heap   total 159744K, used 82616K [0x0000000706200000, 0x0000000800000000)
  region size 2048K, 4 young (8192K), 4 survivors (8192K)
 Metaspace       used 73731K, committed 74176K, reserved 1179648K
  class space    used 8443K, committed 8640K, reserved 1048576K
}
Event: 17.231 GC heap before
{Heap before GC invocations=31 (full 0):
 garbage-first heap   total 159744K, used 125624K [0x0000000706200000, 0x0000000800000000)
  region size 2048K, 25 young (51200K), 4 survivors (8192K)
 Metaspace       used 73844K, committed 74240K, reserved 1179648K
  class space    used 8445K, committed 8640K, reserved 1048576K
}
Event: 17.244 GC heap after
{Heap after GC invocations=32 (full 0):
 garbage-first heap   total 159744K, used 88953K [0x0000000706200000, 0x0000000800000000)
  region size 2048K, 4 young (8192K), 4 survivors (8192K)
 Metaspace       used 73844K, committed 74240K, reserved 1179648K
  class space    used 8445K, committed 8640K, reserved 1048576K
}
Event: 17.443 GC heap before
{Heap before GC invocations=32 (full 0):
 garbage-first heap   total 159744K, used 125817K [0x0000000706200000, 0x0000000800000000)
  region size 2048K, 22 young (45056K), 4 survivors (8192K)
 Metaspace       used 73895K, committed 74304K, reserved 1179648K
  class space    used 8450K, committed 8640K, reserved 1048576K
}
Event: 17.450 GC heap after
{Heap after GC invocations=33 (full 0):
 garbage-first heap   total 159744K, used 94342K [0x0000000706200000, 0x0000000800000000)
  region size 2048K, 3 young (6144K), 3 survivors (6144K)
 Metaspace       used 73895K, committed 74304K, reserved 1179648K
  class space    used 8450K, committed 8640K, reserved 1048576K
}
Event: 17.639 GC heap before
{Heap before GC invocations=34 (full 0):
 garbage-first heap   total 182272K, used 127110K [0x0000000706200000, 0x0000000800000000)
  region size 2048K, 19 young (38912K), 3 survivors (6144K)
 Metaspace       used 73900K, committed 74304K, reserved 1179648K
  class space    used 8450K, committed 8640K, reserved 1048576K
}
Event: 17.644 GC heap after
{Heap after GC invocations=35 (full 0):
 garbage-first heap   total 182272K, used 98304K [0x0000000706200000, 0x0000000800000000)
  region size 2048K, 2 young (4096K), 2 survivors (4096K)
 Metaspace       used 73900K, committed 74304K, reserved 1179648K
  class space    used 8450K, committed 8640K, reserved 1048576K
}
Event: 17.672 GC heap before
{Heap before GC invocations=35 (full 0):
 garbage-first heap   total 182272K, used 100352K [0x0000000706200000, 0x0000000800000000)
  region size 2048K, 4 young (8192K), 2 survivors (4096K)
 Metaspace       used 73912K, committed 74304K, reserved 1179648K
  class space    used 8450K, committed 8640K, reserved 1048576K
}
Event: 17.678 GC heap after
{Heap after GC invocations=36 (full 0):
 garbage-first heap   total 245760K, used 93715K [0x0000000706200000, 0x0000000800000000)
  region size 2048K, 1 young (2048K), 1 survivors (2048K)
 Metaspace       used 73912K, committed 74304K, reserved 1179648K
  class space    used 8450K, committed 8640K, reserved 1048576K
}
Event: 18.229 GC heap before
{Heap before GC invocations=36 (full 0):
 garbage-first heap   total 245760K, used 185875K [0x0000000706200000, 0x0000000800000000)
  region size 2048K, 46 young (94208K), 1 survivors (2048K)
 Metaspace       used 73915K, committed 74304K, reserved 1179648K
  class space    used 8450K, committed 8640K, reserved 1048576K
}
Event: 18.235 GC heap after
{Heap after GC invocations=37 (full 0):
 garbage-first heap   total 245760K, used 104246K [0x0000000706200000, 0x0000000800000000)
  region size 2048K, 6 young (12288K), 6 survivors (12288K)
 Metaspace       used 73915K, committed 74304K, reserved 1179648K
  class space    used 8450K, committed 8640K, reserved 1048576K
}
Event: 18.633 GC heap before
{Heap before GC invocations=37 (full 0):
 garbage-first heap   total 245760K, used 188214K [0x0000000706200000, 0x0000000800000000)
  region size 2048K, 47 young (96256K), 6 survivors (12288K)
 Metaspace       used 73921K, committed 74304K, reserved 1179648K
  class space    used 8450K, committed 8640K, reserved 1048576K
}
Event: 18.650 GC heap after
{Heap after GC invocations=38 (full 0):
 garbage-first heap   total 245760K, used 117202K [0x0000000706200000, 0x0000000800000000)
  region size 2048K, 6 young (12288K), 6 survivors (12288K)
 Metaspace       used 73921K, committed 74304K, reserved 1179648K
  class space    used 8450K, committed 8640K, reserved 1048576K
}
Event: 19.036 GC heap before
{Heap before GC invocations=38 (full 0):
 garbage-first heap   total 245760K, used 190930K [0x0000000706200000, 0x0000000800000000)
  region size 2048K, 42 young (86016K), 6 survivors (12288K)
 Metaspace       used 73931K, committed 74304K, reserved 1179648K
  class space    used 8450K, committed 8640K, reserved 1048576K
}
Event: 19.049 GC heap after
{Heap after GC invocations=39 (full 0):
 garbage-first heap   total 245760K, used 130852K [0x0000000706200000, 0x0000000800000000)
  region size 2048K, 6 young (12288K), 6 survivors (12288K)
 Metaspace       used 73931K, committed 74304K, reserved 1179648K
  class space    used 8450K, committed 8640K, reserved 1048576K
}
Event: 19.352 GC heap before
{Heap before GC invocations=39 (full 0):
 garbage-first heap   total 245760K, used 194340K [0x0000000706200000, 0x0000000800000000)
  region size 2048K, 37 young (75776K), 6 survivors (12288K)
 Metaspace       used 73931K, committed 74304K, reserved 1179648K
  class space    used 8450K, committed 8640K, reserved 1048576K
}
Event: 19.363 GC heap after
{Heap after GC invocations=40 (full 0):
 garbage-first heap   total 423936K, used 143840K [0x0000000706200000, 0x0000000800000000)
  region size 2048K, 5 young (10240K), 5 survivors (10240K)
 Metaspace       used 73931K, committed 74304K, reserved 1179648K
  class space    used 8450K, committed 8640K, reserved 1048576K
}
Event: 21.274 GC heap before
{Heap before GC invocations=40 (full 0):
 garbage-first heap   total 423936K, used 307680K [0x0000000706200000, 0x0000000800000000)
  region size 2048K, 85 young (174080K), 5 survivors (10240K)
 Metaspace       used 73942K, committed 74304K, reserved 1179648K
  class space    used 8454K, committed 8640K, reserved 1048576K
}

